{
  "RSpec": {
    "coverage": {
      "/Users/Jimbo/rails_projects/tictacs/app/helpers/application_helper.rb": [
        1,
        null
      ],
      "/Users/Jimbo/rails_projects/tictacs/app/models/game_player.rb": [
        1,
        1,
        1,
        null
      ],
      "/Users/Jimbo/rails_projects/tictacs/app/models/game.rb": [
        1,
        1,
        1,
        null,
        1,
        null,
        1,
        0,
        0,
        null,
        null,
        null,
        null
      ],
      "/Users/Jimbo/rails_projects/tictacs/app/models/player.rb": [
        1,
        null,
        4,
        null,
        1,
        1,
        null,
        1,
        1,
        1,
        null,
        null
      ]
    },
    "timestamp": 1406232571
  }
}
